<?xml version="1.0" encoding="UTF-8"?>
<testng-results ignored="0" total="1" passed="1" failed="0" skipped="0">
  <reporter-output>
  </reporter-output>
  <suite started-at="2022-12-14T04:30:05 IST" name="Default suite" finished-at="2022-12-14T04:30:19 IST" duration-ms="14012">
    <groups>
    </groups>
    <test started-at="2022-12-14T04:30:05 IST" name="Default test" finished-at="2022-12-14T04:30:19 IST" duration-ms="14012">
      <class name="testCases.Login_gtpl">
        <test-method is-config="true" signature="launchBrowser()[pri:0, instance:testCases.Login_gtpl@32eff876]" started-at="2022-12-14T04:29:10 IST" name="launchBrowser" finished-at="2022-12-14T04:30:05 IST" duration-ms="54631" status="PASS">
          <reporter-output>
          </reporter-output>
        </test-method> <!-- launchBrowser -->
        <test-method signature="extentReport()[pri:0, instance:testCases.Login_gtpl@32eff876]" started-at="2022-12-14T04:30:05 IST" name="extentReport" finished-at="2022-12-14T04:30:19 IST" duration-ms="13673" status="PASS">
          <reporter-output>
          </reporter-output>
        </test-method> <!-- extentReport -->
        <test-method is-config="true" signature="tearBrowser()[pri:0, instance:testCases.Login_gtpl@32eff876]" started-at="2022-12-14T04:30:20 IST" name="tearBrowser" finished-at="2022-12-14T04:30:25 IST" duration-ms="4799" status="PASS">
          <reporter-output>
          </reporter-output>
        </test-method> <!-- tearBrowser -->
      </class> <!-- testCases.Login_gtpl -->
    </test> <!-- Default test -->
  </suite> <!-- Default suite -->
</testng-results>
